*** Using Compiler 'V6.23', folder: 'C:\Keil\ARM\ARMCLANG\Bin'
Rebuild target 'Rider_hal'
compiling soft_i2c.c...
compiling vofa.c...
compiling pid.c...
compiling dwt_delay.c...
compiling encoder.c...
compiling motor.c...
compiling MPU6050.c...
compiling Ultrasonic.c...
compiling main.c...
assembling startup_stm32f103xb.s...
compiling oled.c...
compiling i2c.c...
compiling dma.c...
compiling stm32f1xx_it.c...
compiling stm32f1xx_hal_msp.c...
compiling usart.c...
compiling gpio.c...
../Core/Src/BluetoothControl.c(28): warning: using floating point absolute value function 'fabs' when argument is of integer type [-Wabsolute-value]
   28 |             if (fabs(Rocker.speed) < 5)
      |                 ^
../Core/Src/BluetoothControl.c(28): note: use function 'abs' instead
   28 |             if (fabs(Rocker.speed) < 5)
      |                 ^~~~
      |                 abs
../Core/Src/BluetoothControl.c(28): note: include the header <stdlib.h> or explicitly provide a declaration for 'abs'
../Core/Src/BluetoothControl.c(40): warning: using floating point absolute value function 'fabs' when argument is of integer type [-Wabsolute-value]
   40 |             if (fabs(Rocker.turn) < 5) {
      |                 ^
../Core/Src/BluetoothControl.c(40): note: use function 'abs' instead
   40 |             if (fabs(Rocker.turn) < 5) {
      |                 ^~~~
      |                 abs
../Core/Src/BluetoothControl.c(40): note: include the header <stdlib.h> or explicitly provide a declaration for 'abs'
2 warnings generated.
compiling BluetoothControl.c...
compiling stm32f1xx_hal_gpio_ex.c...
compiling tim.c...
compiling stm32f1xx_hal.c...
compiling stm32f1xx_hal_rcc.c...
compiling stm32f1xx_hal_rcc_ex.c...
compiling stm32f1xx_hal_gpio.c...
compiling stm32f1xx_hal_pwr.c...
compiling stm32f1xx_hal_dma.c...
compiling stm32f1xx_hal_cortex.c...
compiling stm32f1xx_hal_exti.c...
compiling stm32f1xx_hal_flash_ex.c...
compiling stm32f1xx_hal_flash.c...
compiling stm32f1xx_hal_i2c.c...
compiling system_stm32f1xx.c...
compiling stm32f1xx_hal_tim_ex.c...
compiling stm32f1xx_hal_uart.c...
compiling stm32f1xx_hal_tim.c...
linking...
Program Size: Code=29276 RO-data=2564 RW-data=44 ZI-data=2020  
FromELF: creating hex file...
"Rider_hal\Rider_hal.axf" - 0 Error(s), 2 Warning(s).
Build Time Elapsed:  00:00:05
